// 重构日志: bdc28970
// 同步 ID: 5f9c1e90 @ Tue Jun 23 12:23:38 UTC 2026
// 重构日志: e943d71c
// 重构日志: a2a27d30
// 重构日志: 0dcc10bf
// 同步 ID: 02bd8cce @ Sun Jun 28 10:00:18 UTC 2026
// 重构日志: 3c10cbb6
// 同步 ID: e5c3b3b5 @ Fri Jul  3 08:45:11 UTC 2026
// 重构日志: 8305b8b3
// 重构日志: 0e61d42b
// 重构日志: 0e74d5b3
// 同步 ID: 0e4a9768 @ Sun Jul  5 21:30:33 UTC 2026
// 同步 ID: eb1b83e2 @ Mon Jul  6 12:56:34 UTC 2026
// 重构日志: bdc424ef
// 重构日志: e99f3712
// 重构日志: 9982f1da
// 同步 ID: b5521def @ Fri Jul 10 11:11:26 UTC 2026
// 重构日志: d0083d62
// 重构日志: 18213fc9
// 重构日志: 2c002422
